This file contains any messages produced by compilers while
running configure, to aid debugging if configure makes a mistake.

It was created by adolc configure 2.7.0-trunk, which was
generated by GNU Autoconf 2.69.  Invocation command line was

  $ ./configure 

## --------- ##
## Platform. ##
## --------- ##

hostname = usc-guestwireless-upc-newsc17726.usc.edu
uname -m = x86_64
uname -r = 20.3.0
uname -s = Darwin
uname -v = Darwin Kernel Version 20.3.0: Thu Jan 21 00:07:06 PST 2021; root:xnu-7195.81.3~1/RELEASE_X86_64

/usr/bin/uname -p = i386
/bin/uname -X     = unknown

/bin/arch              = unknown
/usr/bin/arch -k       = unknown
/usr/convex/getsysinfo = unknown
/usr/bin/hostinfo      = Mach kernel version:
	 Darwin Kernel Version 20.3.0: Thu Jan 21 00:07:06 PST 2021; root:xnu-7195.81.3~1/RELEASE_X86_64
Kernel configured for up to 8 processors.
4 processors are physically available.
8 processors are logically available.
Processor type: x86_64h (Intel x86-64h Haswell)
Processors active: 0 1 2 3 4 5 6 7
Primary memory available: 40.00 gigabytes
Default processor set: 453 tasks, 1967 threads, 8 processors
Load average: 0.45, Mach factor: 7.54
/bin/machine           = unknown
/usr/bin/oslevel       = unknown
/bin/universe          = unknown

PATH: /Library/Frameworks/Python.framework/Versions/3.8/bin
PATH: /usr/local/bin
PATH: /usr/bin
PATH: /bin
PATH: /usr/sbin
PATH: /sbin
PATH: /opt/local/USD/bin
PATH: /Library/TeX/texbin
PATH: /usr/local/share/dotnet
PATH: /opt/X11/bin
PATH: ~/.dotnet/tools
PATH: /Library/Apple/usr/bin
PATH: /Library/Frameworks/Mono.framework/Versions/Current/Commands


## ----------- ##
## Core tests. ##
## ----------- ##

configure:2893: checking for a BSD-compatible install
configure:2961: result: /usr/bin/install -c
configure:2972: checking whether build environment is sane
configure:3027: result: yes
configure:3173: checking for a thread-safe mkdir -p
configure:3212: result: autoconf/install-sh -c -d
configure:3219: checking for gawk
configure:3249: result: no
configure:3219: checking for mawk
configure:3249: result: no
configure:3219: checking for nawk
configure:3249: result: no
configure:3219: checking for awk
configure:3235: found /usr/bin/awk
configure:3246: result: awk
configure:3257: checking whether make sets $(MAKE)
configure:3279: result: yes
configure:3308: checking whether make supports nested variables
configure:3325: result: yes
configure:3462: checking whether make supports nested variables
configure:3479: result: yes
configure:3523: checking whether to build ADOL-C with adjoinable MPI (AMPI) support
configure:3532: result: no
configure:3548: checking whether to build ADOL-C with MeDiPack (MPI) support
configure:3557: result: no
configure:3633: checking for g++
configure:3649: found /usr/bin/g++
configure:3660: result: g++
configure:3687: checking for C++ compiler version
configure:3696: g++ --version >&5
Apple clang version 12.0.0 (clang-1200.0.32.28)
Target: x86_64-apple-darwin20.3.0
Thread model: posix
InstalledDir: /Applications/Xcode.app/Contents/Developer/Toolchains/XcodeDefault.xctoolchain/usr/bin
Configured with: --prefix=/Applications/Xcode.app/Contents/Developer/usr --with-gxx-include-dir=/Applications/Xcode.app/Contents/Developer/Platforms/MacOSX.platform/Developer/SDKs/MacOSX.sdk/usr/include/c++/4.2.1
configure:3707: $? = 0
configure:3696: g++ -v >&5
Configured with: --prefix=/Applications/Xcode.app/Contents/Developer/usr --with-gxx-include-dir=/Applications/Xcode.app/Contents/Developer/Platforms/MacOSX.platform/Developer/SDKs/MacOSX.sdk/usr/include/c++/4.2.1
Apple clang version 12.0.0 (clang-1200.0.32.28)
Target: x86_64-apple-darwin20.3.0
Thread model: posix
InstalledDir: /Applications/Xcode.app/Contents/Developer/Toolchains/XcodeDefault.xctoolchain/usr/bin
configure:3707: $? = 0
configure:3696: g++ -V >&5
clang: error: argument to '-V' is missing (expected 1 value)
clang: error: no input files
configure:3707: $? = 1
configure:3696: g++ -qversion >&5
clang: error: unknown argument '-qversion'; did you mean '--version'?
clang: error: no input files
configure:3707: $? = 1
configure:3727: checking whether the C++ compiler works
configure:3749: g++    conftest.cpp  >&5
configure:3753: $? = 0
configure:3801: result: yes
configure:3804: checking for C++ compiler default output file name
configure:3806: result: a.out
configure:3812: checking for suffix of executables
configure:3819: g++ -o conftest    conftest.cpp  >&5
configure:3823: $? = 0
configure:3845: result: 
configure:3867: checking whether we are cross compiling
configure:3875: g++ -o conftest    conftest.cpp  >&5
configure:3879: $? = 0
configure:3886: ./conftest
configure:3890: $? = 0
configure:3905: result: no
configure:3910: checking for suffix of object files
configure:3932: g++ -c   conftest.cpp >&5
configure:3936: $? = 0
configure:3957: result: o
configure:3961: checking whether we are using the GNU C++ compiler
configure:3980: g++ -c   conftest.cpp >&5
configure:3980: $? = 0
configure:3989: result: yes
configure:3998: checking whether g++ accepts -g
configure:4018: g++ -c -g  conftest.cpp >&5
configure:4018: $? = 0
configure:4059: result: yes
configure:4085: checking whether make supports the include directive
configure:4100: make -f confmf.GNU && cat confinc.out
this is the am__doit target
configure:4103: $? = 0
configure:4122: result: yes (GNU style)
configure:4147: checking dependency style of g++
configure:4258: result: gcc3
configure:4281: checking whether g++ supports C++11 features by default
configure:4307: g++ -c -g -O2  conftest.cpp >&5
conftest.cpp:15:21: error: expected parameter declarator
      static_assert(sizeof(int) <= sizeof(T), "not big enough");
                    ^
conftest.cpp:15:21: error: expected ')'
conftest.cpp:15:20: note: to match this '('
      static_assert(sizeof(int) <= sizeof(T), "not big enough");
                   ^
conftest.cpp:15:7: error: C++ requires a type specifier for all declarations
      static_assert(sizeof(int) <= sizeof(T), "not big enough");
      ^
conftest.cpp:18:29: error: a space is required between consecutive right angle brackets (use '> >')
    typedef check<check<bool>> right_angle_brackets;
                            ^~
                            > >
conftest.cpp:21:5: error: unknown type name 'decltype'
    decltype(a) b;
    ^
conftest.cpp:21:16: error: expected ';' after top level declarator
    decltype(a) b;
               ^
               ;
conftest.cpp:25:15: warning: rvalue references are a C++11 extension [-Wc++11-extensions]
    check_type&& cr = static_cast<check_type&&>(c);
              ^
conftest.cpp:25:45: warning: rvalue references are a C++11 extension [-Wc++11-extensions]
    check_type&& cr = static_cast<check_type&&>(c);
                                            ^
conftest.cpp:27:5: warning: 'auto' type specifier is a C++11 extension [-Wc++11-extensions]
    auto d = a;
    ^
3 warnings and 6 errors generated.
configure:4307: $? = 1
configure: failed program was:
| /* confdefs.h */
| #define PACKAGE_NAME "adolc"
| #define PACKAGE_TARNAME "adolc"
| #define PACKAGE_VERSION "2.7.0-trunk"
| #define PACKAGE_STRING "adolc 2.7.0-trunk"
| #define PACKAGE_BUGREPORT "adol-c@list.coin-or.org"
| #define PACKAGE_URL ""
| #define PACKAGE "adolc"
| #define VERSION "2.7.0-trunk"
| /* end confdefs.h.  */
| 
|   template <typename T>
|     struct check
|     {
|       static_assert(sizeof(int) <= sizeof(T), "not big enough");
|     };
| 
|     typedef check<check<bool>> right_angle_brackets;
| 
|     int a;
|     decltype(a) b;
| 
|     typedef check<int> check_type;
|     check_type c;
|     check_type&& cr = static_cast<check_type&&>(c);
| 
|     auto d = a;
| 
configure:4314: result: no
configure:4325: checking whether g++ supports C++11 features with -std=c++11
configure:4353: g++ -c -g -O2 -std=c++11  conftest.cpp >&5
configure:4353: $? = 0
configure:4362: result: yes
configure:4444: checking for gcc
configure:4460: found /usr/bin/gcc
configure:4471: result: gcc
configure:4700: checking for C compiler version
configure:4709: gcc --version >&5
Apple clang version 12.0.0 (clang-1200.0.32.28)
Target: x86_64-apple-darwin20.3.0
Thread model: posix
InstalledDir: /Applications/Xcode.app/Contents/Developer/Toolchains/XcodeDefault.xctoolchain/usr/bin
Configured with: --prefix=/Applications/Xcode.app/Contents/Developer/usr --with-gxx-include-dir=/Applications/Xcode.app/Contents/Developer/Platforms/MacOSX.platform/Developer/SDKs/MacOSX.sdk/usr/include/c++/4.2.1
configure:4720: $? = 0
configure:4709: gcc -v >&5
Configured with: --prefix=/Applications/Xcode.app/Contents/Developer/usr --with-gxx-include-dir=/Applications/Xcode.app/Contents/Developer/Platforms/MacOSX.platform/Developer/SDKs/MacOSX.sdk/usr/include/c++/4.2.1
Apple clang version 12.0.0 (clang-1200.0.32.28)
Target: x86_64-apple-darwin20.3.0
Thread model: posix
InstalledDir: /Applications/Xcode.app/Contents/Developer/Toolchains/XcodeDefault.xctoolchain/usr/bin
configure:4720: $? = 0
configure:4709: gcc -V >&5
clang: error: argument to '-V' is missing (expected 1 value)
clang: error: no input files
configure:4720: $? = 1
configure:4709: gcc -qversion >&5
clang: error: unknown argument '-qversion'; did you mean '--version'?
clang: error: no input files
configure:4720: $? = 1
configure:4724: checking whether we are using the GNU C compiler
configure:4743: gcc -c   conftest.c >&5
configure:4743: $? = 0
configure:4752: result: yes
configure:4761: checking whether gcc accepts -g
configure:4781: gcc -c -g  conftest.c >&5
configure:4781: $? = 0
configure:4822: result: yes
configure:4839: checking for gcc option to accept ISO C89
configure:4902: gcc  -c -g -O2  conftest.c >&5
configure:4902: $? = 0
configure:4915: result: none needed
configure:4940: checking whether gcc understands -c and -o together
configure:4962: gcc -c conftest.c -o conftest2.o
configure:4965: $? = 0
configure:4962: gcc -c conftest.c -o conftest2.o
configure:4965: $? = 0
configure:4977: result: yes
configure:4996: checking dependency style of gcc
configure:5107: result: gcc3
configure:5123: checking whether gcc and cc understand -c and -o together
configure:5154: gcc -c conftest.c -o conftest2.o >&5
configure:5158: $? = 0
configure:5164: gcc -c conftest.c -o conftest2.o >&5
configure:5168: $? = 0
configure:5179: cc -c conftest.c >&5
configure:5183: $? = 0
configure:5191: cc -c conftest.c -o conftest2.o >&5
configure:5195: $? = 0
configure:5201: cc -c conftest.c -o conftest2.o >&5
configure:5205: $? = 0
configure:5223: result: yes
configure:5233: checking for gcc option to accept ISO C99
configure:5382: gcc  -c -g -O2  conftest.c >&5
configure:5382: $? = 0
configure:5395: result: none needed
configure:5415: checking how to run the C preprocessor
configure:5446: gcc -E  conftest.c
configure:5446: $? = 0
configure:5460: gcc -E  conftest.c
conftest.c:12:10: fatal error: 'ac_nonexistent.h' file not found
#include <ac_nonexistent.h>
         ^~~~~~~~~~~~~~~~~~
1 error generated.
configure:5460: $? = 1
configure: failed program was:
| /* confdefs.h */
| #define PACKAGE_NAME "adolc"
| #define PACKAGE_TARNAME "adolc"
| #define PACKAGE_VERSION "2.7.0-trunk"
| #define PACKAGE_STRING "adolc 2.7.0-trunk"
| #define PACKAGE_BUGREPORT "adol-c@list.coin-or.org"
| #define PACKAGE_URL ""
| #define PACKAGE "adolc"
| #define VERSION "2.7.0-trunk"
| #define HAVE_CXX11 1
| /* end confdefs.h.  */
| #include <ac_nonexistent.h>
configure:5485: result: gcc -E
configure:5505: gcc -E  conftest.c
configure:5505: $? = 0
configure:5519: gcc -E  conftest.c
conftest.c:12:10: fatal error: 'ac_nonexistent.h' file not found
#include <ac_nonexistent.h>
         ^~~~~~~~~~~~~~~~~~
1 error generated.
configure:5519: $? = 1
configure: failed program was:
| /* confdefs.h */
| #define PACKAGE_NAME "adolc"
| #define PACKAGE_TARNAME "adolc"
| #define PACKAGE_VERSION "2.7.0-trunk"
| #define PACKAGE_STRING "adolc 2.7.0-trunk"
| #define PACKAGE_BUGREPORT "adol-c@list.coin-or.org"
| #define PACKAGE_URL ""
| #define PACKAGE "adolc"
| #define VERSION "2.7.0-trunk"
| #define HAVE_CXX11 1
| /* end confdefs.h.  */
| #include <ac_nonexistent.h>
configure:5548: checking whether ln -s works
configure:5552: result: yes
configure:5559: checking whether make sets $(MAKE)
configure:5581: result: yes
configure:5619: checking build system type
configure:5633: result: x86_64-apple-darwin20.3.0
configure:5653: checking host system type
configure:5666: result: x86_64-apple-darwin20.3.0
configure:5707: checking how to print strings
configure:5734: result: printf
configure:5755: checking for a sed that does not truncate output
configure:5819: result: /usr/bin/sed
configure:5837: checking for grep that handles long lines and -e
configure:5895: result: /usr/bin/grep
configure:5900: checking for egrep
configure:5962: result: /usr/bin/grep -E
configure:5967: checking for fgrep
configure:6029: result: /usr/bin/grep -F
configure:6064: checking for ld used by gcc
configure:6131: result: /Applications/Xcode.app/Contents/Developer/Toolchains/XcodeDefault.xctoolchain/usr/bin/ld
configure:6138: checking if the linker (/Applications/Xcode.app/Contents/Developer/Toolchains/XcodeDefault.xctoolchain/usr/bin/ld) is GNU ld
configure:6153: result: no
configure:6165: checking for BSD- or MS-compatible name lister (nm)
configure:6219: result: /usr/bin/nm -B
configure:6349: checking the name lister (/usr/bin/nm -B) interface
configure:6356: gcc -c -g -O2  conftest.c >&5
configure:6359: /usr/bin/nm -B "conftest.o"
configure:6362: output
0000000000000258 S _some_variable
configure:6369: result: BSD nm
configure:6373: checking the maximum length of command line arguments
configure:6504: result: 786432
configure:6552: checking how to convert x86_64-apple-darwin20.3.0 file names to x86_64-apple-darwin20.3.0 format
configure:6592: result: func_convert_file_noop
configure:6599: checking how to convert x86_64-apple-darwin20.3.0 file names to toolchain format
configure:6619: result: func_convert_file_noop
configure:6626: checking for /Applications/Xcode.app/Contents/Developer/Toolchains/XcodeDefault.xctoolchain/usr/bin/ld option to reload object files
configure:6633: result: -r
configure:6707: checking for objdump
configure:6723: found /usr/bin/objdump
configure:6734: result: objdump
configure:6763: checking how to recognize dependent libraries
configure:6963: result: pass_all
configure:7048: checking for dlltool
configure:7078: result: no
configure:7105: checking how to associate runtime and link libraries
configure:7132: result: printf %s\n
configure:7193: checking for ar
configure:7209: found /usr/bin/ar
configure:7220: result: ar
configure:7257: checking for archiver @FILE support
configure:7274: gcc -c -g -O2  conftest.c >&5
configure:7274: $? = 0
configure:7277: ar cru libconftest.a @conftest.lst >&5
ar: @conftest.lst: No such file or directory
configure:7280: $? = 1
configure:7300: result: no
configure:7358: checking for strip
configure:7374: found /usr/bin/strip
configure:7385: result: strip
configure:7457: checking for ranlib
configure:7473: found /usr/bin/ranlib
configure:7484: result: ranlib
configure:7586: checking command to parse /usr/bin/nm -B output from gcc object
configure:7739: gcc -c -g -O2  conftest.c >&5
configure:7742: $? = 0
configure:7746: /usr/bin/nm -B conftest.o \| sed -n -e 's/^.*[ ]\([BCDEGRST][BCDEGRST]*\)[ ][ ]*\([_A-Za-z][_A-Za-z0-9]*\)$/\1 \2 \2/p' | sed '/ __gnu_lto/d' \> conftest.nm
configure:7749: $? = 0
cannot find nm_test_var in conftest.nm
configure:7739: gcc -c -g -O2  conftest.c >&5
configure:7742: $? = 0
configure:7746: /usr/bin/nm -B conftest.o \| sed -n -e 's/^.*[ ]\([BCDEGRST][BCDEGRST]*\)[ ][ ]*_\([_A-Za-z][_A-Za-z0-9]*\)$/\1 _\2 \2/p' | sed '/ __gnu_lto/d' \> conftest.nm
configure:7749: $? = 0
configure:7815: gcc -o conftest -g -O2   conftest.c conftstm.o >&5
warning: (x86_64)  could not find object file symbol for symbol _main
configure:7818: $? = 0
configure:7856: result: ok
configure:7903: checking for sysroot
configure:7933: result: no
configure:7940: checking for a working dd
configure:7978: result: /bin/dd
configure:7982: checking how to truncate binary pipes
configure:7997: result: /bin/dd bs=4096 count=1
configure:8326: checking for mt
configure:8356: result: no
configure:8376: checking if : is a manifest tool
configure:8382: : '-?'
configure:8390: result: no
configure:8446: checking for dsymutil
configure:8462: found /usr/bin/dsymutil
configure:8473: result: dsymutil
configure:8538: checking for nmedit
configure:8554: found /usr/bin/nmedit
configure:8565: result: nmedit
configure:8630: checking for lipo
configure:8646: found /usr/bin/lipo
configure:8657: result: lipo
configure:8722: checking for otool
configure:8738: found /usr/bin/otool
configure:8749: result: otool
configure:8814: checking for otool64
configure:8844: result: no
configure:8889: checking for -single_module linker flag
gcc -g -O2  -o libconftest.dylib -dynamiclib -Wl,-single_module conftest.c
configure:8922: result: yes
configure:8925: checking for -exported_symbols_list linker flag
configure:8945: gcc -o conftest -g -O2   -Wl,-exported_symbols_list,conftest.sym conftest.c  >&5
configure:8945: $? = 0
configure:8955: result: yes
configure:8958: checking for -force_load linker flag
gcc -g -O2 -c -o conftest.o conftest.c
ar cru libconftest.a conftest.o
ranlib libconftest.a
gcc -g -O2  -o conftest conftest.c -Wl,-force_load,./libconftest.a
configure:8990: result: yes
configure:9058: checking for ANSI C header files
configure:9078: gcc -c -g -O2  conftest.c >&5
configure:9078: $? = 0
configure:9151: gcc -o conftest -g -O2   conftest.c  >&5
configure:9151: $? = 0
configure:9151: ./conftest
configure:9151: $? = 0
configure:9162: result: yes
configure:9175: checking for sys/types.h
configure:9175: gcc -c -g -O2  conftest.c >&5
configure:9175: $? = 0
configure:9175: result: yes
configure:9175: checking for sys/stat.h
configure:9175: gcc -c -g -O2  conftest.c >&5
configure:9175: $? = 0
configure:9175: result: yes
configure:9175: checking for stdlib.h
configure:9175: gcc -c -g -O2  conftest.c >&5
configure:9175: $? = 0
configure:9175: result: yes
configure:9175: checking for string.h
configure:9175: gcc -c -g -O2  conftest.c >&5
configure:9175: $? = 0
configure:9175: result: yes
configure:9175: checking for memory.h
configure:9175: gcc -c -g -O2  conftest.c >&5
configure:9175: $? = 0
configure:9175: result: yes
configure:9175: checking for strings.h
configure:9175: gcc -c -g -O2  conftest.c >&5
configure:9175: $? = 0
configure:9175: result: yes
configure:9175: checking for inttypes.h
configure:9175: gcc -c -g -O2  conftest.c >&5
configure:9175: $? = 0
configure:9175: result: yes
configure:9175: checking for stdint.h
configure:9175: gcc -c -g -O2  conftest.c >&5
configure:9175: $? = 0
configure:9175: result: yes
configure:9175: checking for unistd.h
configure:9175: gcc -c -g -O2  conftest.c >&5
configure:9175: $? = 0
configure:9175: result: yes
configure:9189: checking for dlfcn.h
configure:9189: gcc -c -g -O2  conftest.c >&5
configure:9189: $? = 0
configure:9189: result: yes
configure:9751: checking for objdir
configure:9766: result: .libs
configure:10030: checking if gcc supports -fno-rtti -fno-exceptions
configure:10048: gcc -c -g -O2  -fno-rtti -fno-exceptions conftest.c >&5
configure:10052: $? = 0
configure:10065: result: yes
configure:10423: checking for gcc option to produce PIC
configure:10430: result: -fno-common -DPIC
configure:10438: checking if gcc PIC flag -fno-common -DPIC works
configure:10456: gcc -c -g -O2  -fno-common -DPIC -DPIC conftest.c >&5
configure:10460: $? = 0
configure:10473: result: yes
configure:10502: checking if gcc static flag -static works
configure:10530: result: no
configure:10545: checking if gcc supports -c -o file.o
configure:10566: gcc -c -g -O2  -o out/conftest2.o conftest.c >&5
configure:10570: $? = 0
configure:10592: result: yes
configure:10600: checking if gcc supports -c -o file.o
configure:10647: result: yes
configure:10680: checking whether the gcc linker (/Applications/Xcode.app/Contents/Developer/Toolchains/XcodeDefault.xctoolchain/usr/bin/ld) supports shared libraries
configure:11939: result: yes
configure:12179: checking dynamic linker characteristics
configure:12997: result: darwin20.3.0 dyld
configure:13119: checking how to hardcode library paths into programs
configure:13144: result: immediate
configure:13189: checking for dlopen in -ldl
configure:13214: gcc -o conftest -g -O2   conftest.c -ldl   >&5
configure:13214: $? = 0
configure:13223: result: yes
configure:13446: checking whether a program can dlopen itself
configure:13526: gcc -o conftest -g -O2  -DHAVE_DLFCN_H   conftest.c -ldl  >&5
configure:13529: $? = 0
configure:13547: result: yes
configure:13552: checking whether a statically linked program can dlopen itself
configure:13632: gcc -o conftest -g -O2  -DHAVE_DLFCN_H    conftest.c -ldl  >&5
configure:13635: $? = 0
configure:13653: result: yes
configure:13692: checking whether stripping libraries is possible
configure:13706: result: yes
configure:13732: checking if libtool supports shared libraries
configure:13734: result: yes
configure:13737: checking whether to build shared libraries
configure:13762: result: yes
configure:13765: checking whether to build static libraries
configure:13769: result: no
configure:13792: checking how to run the C++ preprocessor
configure:13819: g++ -E  conftest.cpp
configure:13819: $? = 0
configure:13833: g++ -E  conftest.cpp
conftest.cpp:24:10: fatal error: 'ac_nonexistent.h' file not found
#include <ac_nonexistent.h>
         ^~~~~~~~~~~~~~~~~~
1 error generated.
configure:13833: $? = 1
configure: failed program was:
| /* confdefs.h */
| #define PACKAGE_NAME "adolc"
| #define PACKAGE_TARNAME "adolc"
| #define PACKAGE_VERSION "2.7.0-trunk"
| #define PACKAGE_STRING "adolc 2.7.0-trunk"
| #define PACKAGE_BUGREPORT "adol-c@list.coin-or.org"
| #define PACKAGE_URL ""
| #define PACKAGE "adolc"
| #define VERSION "2.7.0-trunk"
| #define HAVE_CXX11 1
| #define STDC_HEADERS 1
| #define HAVE_SYS_TYPES_H 1
| #define HAVE_SYS_STAT_H 1
| #define HAVE_STDLIB_H 1
| #define HAVE_STRING_H 1
| #define HAVE_MEMORY_H 1
| #define HAVE_STRINGS_H 1
| #define HAVE_INTTYPES_H 1
| #define HAVE_STDINT_H 1
| #define HAVE_UNISTD_H 1
| #define HAVE_DLFCN_H 1
| #define LT_OBJDIR ".libs/"
| /* end confdefs.h.  */
| #include <ac_nonexistent.h>
configure:13858: result: g++ -E
configure:13878: g++ -E  conftest.cpp
configure:13878: $? = 0
configure:13892: g++ -E  conftest.cpp
conftest.cpp:24:10: fatal error: 'ac_nonexistent.h' file not found
#include <ac_nonexistent.h>
         ^~~~~~~~~~~~~~~~~~
1 error generated.
configure:13892: $? = 1
configure: failed program was:
| /* confdefs.h */
| #define PACKAGE_NAME "adolc"
| #define PACKAGE_TARNAME "adolc"
| #define PACKAGE_VERSION "2.7.0-trunk"
| #define PACKAGE_STRING "adolc 2.7.0-trunk"
| #define PACKAGE_BUGREPORT "adol-c@list.coin-or.org"
| #define PACKAGE_URL ""
| #define PACKAGE "adolc"
| #define VERSION "2.7.0-trunk"
| #define HAVE_CXX11 1
| #define STDC_HEADERS 1
| #define HAVE_SYS_TYPES_H 1
| #define HAVE_SYS_STAT_H 1
| #define HAVE_STDLIB_H 1
| #define HAVE_STRING_H 1
| #define HAVE_MEMORY_H 1
| #define HAVE_STRINGS_H 1
| #define HAVE_INTTYPES_H 1
| #define HAVE_STDINT_H 1
| #define HAVE_UNISTD_H 1
| #define HAVE_DLFCN_H 1
| #define LT_OBJDIR ".libs/"
| /* end confdefs.h.  */
| #include <ac_nonexistent.h>
configure:14054: checking for ld used by g++
configure:14121: result: /Applications/Xcode.app/Contents/Developer/Toolchains/XcodeDefault.xctoolchain/usr/bin/ld
configure:14128: checking if the linker (/Applications/Xcode.app/Contents/Developer/Toolchains/XcodeDefault.xctoolchain/usr/bin/ld) is GNU ld
configure:14143: result: no
configure:14198: checking whether the g++ linker (/Applications/Xcode.app/Contents/Developer/Toolchains/XcodeDefault.xctoolchain/usr/bin/ld) supports shared libraries
configure:15271: result: yes
configure:15307: g++ -c -g -O2 -std=c++11  conftest.cpp >&5
configure:15310: $? = 0
configure:15791: checking for g++ option to produce PIC
configure:15798: result: -fno-common -DPIC
configure:15806: checking if g++ PIC flag -fno-common -DPIC works
configure:15824: g++ -c -g -O2 -std=c++11  -fno-common -DPIC -DPIC conftest.cpp >&5
configure:15828: $? = 0
configure:15841: result: yes
configure:15864: checking if g++ static flag -static works
configure:15892: result: no
configure:15904: checking if g++ supports -c -o file.o
configure:15925: g++ -c -g -O2 -std=c++11  -o out/conftest2.o conftest.cpp >&5
configure:15929: $? = 0
configure:15951: result: yes
configure:15956: checking if g++ supports -c -o file.o
configure:16003: result: yes
configure:16033: checking whether the g++ linker (/Applications/Xcode.app/Contents/Developer/Toolchains/XcodeDefault.xctoolchain/usr/bin/ld) supports shared libraries
configure:16073: result: yes
configure:16214: checking dynamic linker characteristics
configure:16959: result: darwin20.3.0 dyld
configure:17024: checking how to hardcode library paths into programs
configure:17049: result: immediate
configure:17200: checking size of void *
configure:17205: gcc -o conftest -g -O2   conftest.c  >&5
configure:17205: $? = 0
configure:17205: ./conftest
configure:17205: $? = 0
configure:17219: result: 8
configure:17242: checking for __builtin_expect
configure:17265: gcc -o conftest -g -O2   conftest.c  >&5
conftest.c:32:40: warning: if statement has empty body [-Wempty-body]
          if (__builtin_expect(f(), 0));
                                       ^
conftest.c:32:40: note: put the semicolon on a separate line to silence this warning
1 warning generated.
configure:17265: $? = 0
configure:17267: result: yes
configure:17284: checking for ANSI C header files
configure:17388: result: yes
configure:17396: checking whether time.h and sys/time.h may both be included
configure:17416: gcc -c -g -O2  conftest.c >&5
configure:17416: $? = 0
configure:17423: result: yes
configure:17431: checking for stdbool.h that conforms to C99
configure:17498: gcc -c -g -O2  conftest.c >&5
conftest.c:77:24: warning: address of 's' will always evaluate to 'true' [-Wpointer-bool-conversion]
             bool e = &s;
                  ~    ^
conftest.c:81:23: warning: address of array 'a' will always evaluate to 'true' [-Wpointer-bool-conversion]
             return (!a + !b + !c + !d + !e + !f + !g + !h + !i + !!j + !k + !!l
                     ~^
conftest.c:81:28: warning: address of array 'b' will always evaluate to 'true' [-Wpointer-bool-conversion]
             return (!a + !b + !c + !d + !e + !f + !g + !h + !i + !!j + !k + !!l
                          ~^
conftest.c:81:33: warning: address of array 'c' will always evaluate to 'true' [-Wpointer-bool-conversion]
             return (!a + !b + !c + !d + !e + !f + !g + !h + !i + !!j + !k + !!l
                               ~^
conftest.c:81:38: warning: address of array 'd' will always evaluate to 'true' [-Wpointer-bool-conversion]
             return (!a + !b + !c + !d + !e + !f + !g + !h + !i + !!j + !k + !!l
                                    ~^
conftest.c:81:48: warning: address of array 'f' will always evaluate to 'true' [-Wpointer-bool-conversion]
             return (!a + !b + !c + !d + !e + !f + !g + !h + !i + !!j + !k + !!l
                                              ~^
conftest.c:81:53: warning: address of array 'g' will always evaluate to 'true' [-Wpointer-bool-conversion]
             return (!a + !b + !c + !d + !e + !f + !g + !h + !i + !!j + !k + !!l
                                                   ~^
conftest.c:81:58: warning: address of array 'h' will always evaluate to 'true' [-Wpointer-bool-conversion]
             return (!a + !b + !c + !d + !e + !f + !g + !h + !i + !!j + !k + !!l
                                                        ~^
conftest.c:81:63: warning: address of array 'i' will always evaluate to 'true' [-Wpointer-bool-conversion]
             return (!a + !b + !c + !d + !e + !f + !g + !h + !i + !!j + !k + !!l
                                                             ~^
conftest.c:82:30: warning: address of array 'n' will always evaluate to 'true' [-Wpointer-bool-conversion]
                            ~^
conftest.c:82:35: warning: address of array 'o' will always evaluate to 'true' [-Wpointer-bool-conversion]
                                 ~^
conftest.c:82:40: warning: address of array 'p' will always evaluate to 'true' [-Wpointer-bool-conversion]
                                      ~^
12 warnings generated.
configure:17498: $? = 0
configure:17505: result: yes
configure:17507: checking for _Bool
configure:17507: gcc -c -g -O2  conftest.c >&5
configure:17507: $? = 0
configure:17507: gcc -c -g -O2  conftest.c >&5
conftest.c:64:20: error: expected expression
if (sizeof ((_Bool)))
                   ^
1 error generated.
configure:17507: $? = 1
configure: failed program was:
| /* confdefs.h */
| #define PACKAGE_NAME "adolc"
| #define PACKAGE_TARNAME "adolc"
| #define PACKAGE_VERSION "2.7.0-trunk"
| #define PACKAGE_STRING "adolc 2.7.0-trunk"
| #define PACKAGE_BUGREPORT "adol-c@list.coin-or.org"
| #define PACKAGE_URL ""
| #define PACKAGE "adolc"
| #define VERSION "2.7.0-trunk"
| #define HAVE_CXX11 1
| #define STDC_HEADERS 1
| #define HAVE_SYS_TYPES_H 1
| #define HAVE_SYS_STAT_H 1
| #define HAVE_STDLIB_H 1
| #define HAVE_STRING_H 1
| #define HAVE_MEMORY_H 1
| #define HAVE_STRINGS_H 1
| #define HAVE_INTTYPES_H 1
| #define HAVE_STDINT_H 1
| #define HAVE_UNISTD_H 1
| #define HAVE_DLFCN_H 1
| #define LT_OBJDIR ".libs/"
| #define SIZEOF_VOID_P 8
| #define HAVE_BUILTIN_EXPECT 1
| #define STDC_HEADERS 1
| #define TIME_WITH_SYS_TIME 1
| /* end confdefs.h.  */
| #include <stdio.h>
| #ifdef HAVE_SYS_TYPES_H
| # include <sys/types.h>
| #endif
| #ifdef HAVE_SYS_STAT_H
| # include <sys/stat.h>
| #endif
| #ifdef STDC_HEADERS
| # include <stdlib.h>
| # include <stddef.h>
| #else
| # ifdef HAVE_STDLIB_H
| #  include <stdlib.h>
| # endif
| #endif
| #ifdef HAVE_STRING_H
| # if !defined STDC_HEADERS && defined HAVE_MEMORY_H
| #  include <memory.h>
| # endif
| # include <string.h>
| #endif
| #ifdef HAVE_STRINGS_H
| # include <strings.h>
| #endif
| #ifdef HAVE_INTTYPES_H
| # include <inttypes.h>
| #endif
| #ifdef HAVE_STDINT_H
| # include <stdint.h>
| #endif
| #ifdef HAVE_UNISTD_H
| # include <unistd.h>
| #endif
| int
| main ()
| {
| if (sizeof ((_Bool)))
| 	    return 0;
|   ;
|   return 0;
| }
configure:17507: result: yes
configure:17527: checking stddef.h usability
configure:17527: gcc -c -g -O2  conftest.c >&5
configure:17527: $? = 0
configure:17527: result: yes
configure:17527: checking stddef.h presence
configure:17527: gcc -E  conftest.c
configure:17527: $? = 0
configure:17527: result: yes
configure:17527: checking for stddef.h
configure:17527: result: yes
configure:17527: checking for stdlib.h
configure:17527: result: yes
configure:17527: checking stdio.h usability
configure:17527: gcc -c -g -O2  conftest.c >&5
configure:17527: $? = 0
configure:17527: result: yes
configure:17527: checking stdio.h presence
configure:17527: gcc -E  conftest.c
configure:17527: $? = 0
configure:17527: result: yes
configure:17527: checking for stdio.h
configure:17527: result: yes
configure:17527: checking for string.h
configure:17527: result: yes
configure:17527: checking for unistd.h
configure:17527: result: yes
configure:17527: checking sys/timeb.h usability
configure:17527: gcc -c -g -O2  conftest.c >&5
configure:17527: $? = 0
configure:17527: result: yes
configure:17527: checking sys/timeb.h presence
configure:17527: gcc -E  conftest.c
configure:17527: $? = 0
configure:17527: result: yes
configure:17527: checking for sys/timeb.h
configure:17527: result: yes
configure:17539: checking for an ANSI C-conforming const
configure:17605: gcc -c -g -O2  conftest.c >&5
configure:17605: $? = 0
configure:17612: result: yes
configure:17620: checking for inline
configure:17636: gcc -c -g -O2  conftest.c >&5
configure:17636: $? = 0
configure:17644: result: inline
configure:17662: checking for size_t
configure:17662: gcc -c -g -O2  conftest.c >&5
configure:17662: $? = 0
configure:17662: gcc -c -g -O2  conftest.c >&5
conftest.c:72:21: error: expected expression
if (sizeof ((size_t)))
                    ^
1 error generated.
configure:17662: $? = 1
configure: failed program was:
| /* confdefs.h */
| #define PACKAGE_NAME "adolc"
| #define PACKAGE_TARNAME "adolc"
| #define PACKAGE_VERSION "2.7.0-trunk"
| #define PACKAGE_STRING "adolc 2.7.0-trunk"
| #define PACKAGE_BUGREPORT "adol-c@list.coin-or.org"
| #define PACKAGE_URL ""
| #define PACKAGE "adolc"
| #define VERSION "2.7.0-trunk"
| #define HAVE_CXX11 1
| #define STDC_HEADERS 1
| #define HAVE_SYS_TYPES_H 1
| #define HAVE_SYS_STAT_H 1
| #define HAVE_STDLIB_H 1
| #define HAVE_STRING_H 1
| #define HAVE_MEMORY_H 1
| #define HAVE_STRINGS_H 1
| #define HAVE_INTTYPES_H 1
| #define HAVE_STDINT_H 1
| #define HAVE_UNISTD_H 1
| #define HAVE_DLFCN_H 1
| #define LT_OBJDIR ".libs/"
| #define SIZEOF_VOID_P 8
| #define HAVE_BUILTIN_EXPECT 1
| #define STDC_HEADERS 1
| #define TIME_WITH_SYS_TIME 1
| #define HAVE__BOOL 1
| #define HAVE_STDBOOL_H 1
| #define HAVE_STDDEF_H 1
| #define HAVE_STDLIB_H 1
| #define HAVE_STDIO_H 1
| #define HAVE_STRING_H 1
| #define HAVE_UNISTD_H 1
| #define HAVE_SYS_TIMEB_H 1
| /* end confdefs.h.  */
| #include <stdio.h>
| #ifdef HAVE_SYS_TYPES_H
| # include <sys/types.h>
| #endif
| #ifdef HAVE_SYS_STAT_H
| # include <sys/stat.h>
| #endif
| #ifdef STDC_HEADERS
| # include <stdlib.h>
| # include <stddef.h>
| #else
| # ifdef HAVE_STDLIB_H
| #  include <stdlib.h>
| # endif
| #endif
| #ifdef HAVE_STRING_H
| # if !defined STDC_HEADERS && defined HAVE_MEMORY_H
| #  include <memory.h>
| # endif
| # include <string.h>
| #endif
| #ifdef HAVE_STRINGS_H
| # include <strings.h>
| #endif
| #ifdef HAVE_INTTYPES_H
| # include <inttypes.h>
| #endif
| #ifdef HAVE_STDINT_H
| # include <stdint.h>
| #endif
| #ifdef HAVE_UNISTD_H
| # include <unistd.h>
| #endif
| int
| main ()
| {
| if (sizeof ((size_t)))
| 	    return 0;
|   ;
|   return 0;
| }
configure:17662: result: yes
configure:17673: checking whether struct tm is in sys/time.h or time.h
configure:17693: gcc -c -g -O2  conftest.c >&5
configure:17693: $? = 0
configure:17700: result: time.h
configure:17711: checking for library containing pow
configure:17742: gcc -o conftest -g -O2   conftest.c  >&5
conftest.c:43:6: warning: incompatible redeclaration of library function 'pow' [-Wincompatible-library-redeclaration]
char pow ();
     ^
conftest.c:43:6: note: 'pow' is a builtin with type 'double (double, double)'
1 warning generated.
configure:17742: $? = 0
configure:17759: result: none required
configure:17770: checking for floor
configure:17770: gcc -o conftest -g -O2   conftest.c  >&5
conftest.c:59:6: warning: incompatible redeclaration of library function 'floor' [-Wincompatible-library-redeclaration]
char floor ();
     ^
conftest.c:59:6: note: 'floor' is a builtin with type 'double (double)'
1 warning generated.
configure:17770: $? = 0
configure:17770: result: yes
configure:17770: checking for fmax
configure:17770: gcc -o conftest -g -O2   conftest.c  >&5
conftest.c:60:6: warning: incompatible redeclaration of library function 'fmax' [-Wincompatible-library-redeclaration]
char fmax ();
     ^
conftest.c:60:6: note: 'fmax' is a builtin with type 'double (double, double)'
1 warning generated.
configure:17770: $? = 0
configure:17770: result: yes
configure:17770: checking for fmin
configure:17770: gcc -o conftest -g -O2   conftest.c  >&5
conftest.c:61:6: warning: incompatible redeclaration of library function 'fmin' [-Wincompatible-library-redeclaration]
char fmin ();
     ^
conftest.c:61:6: note: 'fmin' is a builtin with type 'double (double, double)'
1 warning generated.
configure:17770: $? = 0
configure:17770: result: yes
configure:17770: checking for ftime
configure:17770: gcc -o conftest -g -O2   conftest.c  >&5
configure:17770: $? = 0
configure:17770: result: yes
configure:17770: checking for pow
configure:17770: gcc -o conftest -g -O2   conftest.c  >&5
conftest.c:63:6: warning: incompatible redeclaration of library function 'pow' [-Wincompatible-library-redeclaration]
char pow ();
     ^
conftest.c:63:6: note: 'pow' is a builtin with type 'double (double, double)'
1 warning generated.
configure:17770: $? = 0
configure:17770: result: yes
configure:17770: checking for sqrt
configure:17770: gcc -o conftest -g -O2   conftest.c  >&5
conftest.c:64:6: warning: incompatible redeclaration of library function 'sqrt' [-Wincompatible-library-redeclaration]
char sqrt ();
     ^
conftest.c:64:6: note: 'sqrt' is a builtin with type 'double (double)'
1 warning generated.
configure:17770: $? = 0
configure:17770: result: yes
configure:17770: checking for cbrt
configure:17770: gcc -o conftest -g -O2   conftest.c  >&5
conftest.c:65:6: warning: incompatible redeclaration of library function 'cbrt' [-Wincompatible-library-redeclaration]
char cbrt ();
     ^
conftest.c:65:6: note: 'cbrt' is a builtin with type 'double (double)'
1 warning generated.
configure:17770: $? = 0
configure:17770: result: yes
configure:17770: checking for strchr
configure:17770: gcc -o conftest -g -O2   conftest.c  >&5
conftest.c:66:6: warning: incompatible redeclaration of library function 'strchr' [-Wincompatible-library-redeclaration]
char strchr ();
     ^
conftest.c:66:6: note: 'strchr' is a builtin with type 'char *(const char *, int)'
1 warning generated.
configure:17770: $? = 0
configure:17770: result: yes
configure:17770: checking for strtol
configure:17770: gcc -o conftest -g -O2   conftest.c  >&5
conftest.c:67:6: warning: incompatible redeclaration of library function 'strtol' [-Wincompatible-library-redeclaration]
char strtol ();
     ^
conftest.c:67:6: note: 'strtol' is a builtin with type 'long (const char *, char **, int)'
1 warning generated.
configure:17770: $? = 0
configure:17770: result: yes
configure:17770: checking for trunc
configure:17770: gcc -o conftest -g -O2   conftest.c  >&5
conftest.c:68:6: warning: incompatible redeclaration of library function 'trunc' [-Wincompatible-library-redeclaration]
char trunc ();
     ^
conftest.c:68:6: note: 'trunc' is a builtin with type 'double (double)'
1 warning generated.
configure:17770: $? = 0
configure:17770: result: yes
configure:17803: checking for stdlib.h
configure:17803: result: yes
configure:17813: checking for GNU libc compatible malloc
configure:17837: gcc -o conftest -g -O2   conftest.c  >&5
configure:17837: $? = 0
configure:17837: ./conftest
configure:17837: $? = 0
configure:17847: result: yes
configure:17870: checking for stdlib.h
configure:17870: result: yes
configure:17880: checking for GNU libc compatible realloc
configure:17904: gcc -o conftest -g -O2   conftest.c  >&5
configure:17904: $? = 0
configure:17904: ./conftest
configure:17904: $? = 0
configure:17914: result: yes
configure:17943: checking whether to use calloc or malloc for memory allocation
configure:17954: result: calloc
configure:17964: checking whether to enable atrig/erf functions
configure:17973: result: no
configure:17983: checking whether to use 32-bit or 64-bit locations
configure:17999: result: 32-bit
configure:18004: checking whether to use single or double precision
configure:18021: result: double
configure:18025: checking whether to enable advanced branching operations
configure:18034: result: no
configure:18044: checking whether to enable reference counting for tapeless numbers
configure:18053: result: no
configure:18063: checking whether to enable activity tracking
configure:18072: result: no
configure:18081: checking whether to use ADOL-C debug mode
configure:18093: result: no
configure:18099: checking whether to use ADOL-C hard debug mode
configure:18111: result: no
configure:18130: checking whether the default adouble constructor should initialize the value to 0
configure:18142: result: yes
configure:18154: checking whether the adouble variables have a late initialize option for functions like malloc/realloc
configure:18166: result: no
configure:18178: checking whether errno is thread save
configure:18190: result: no
configure:18202: checking which flag to use to enable OpenMP
configure:18212: result: none
configure:18265: checking for boostlib >= 1.54
configure:18348: g++ -c -g -O2 -std=c++11  -I/usr/local/include conftest.cpp >&5
configure:18348: $? = 0
configure:18350: result: yes
configure:18507: checking boost/pool/pool_alloc.hpp usability
configure:18507: g++ -c -g -O2 -std=c++11  -I/usr/local/include conftest.cpp >&5
configure:18507: $? = 0
configure:18507: result: yes
configure:18507: checking boost/pool/pool_alloc.hpp presence
configure:18507: g++ -E  -I/usr/local/include conftest.cpp
configure:18507: $? = 0
configure:18507: result: yes
configure:18507: checking for boost/pool/pool_alloc.hpp
configure:18507: result: yes
configure:18555: checking whether the Boost::System library is available
configure:18579: g++ -c -g -O2 -std=c++11  -I/usr/local/include -I/usr/local/include conftest.cpp >&5
conftest.cpp:61:1: warning: expression result unused [-Wunused-value]
boost::system::system_category
^~~~~~~~~~~~~~~~~~~~~~~~~~~~~~
1 warning generated.
configure:18579: $? = 0
configure:18594: result: yes
configure:18609: checking for exit in -lboost_system
configure:18634: gcc -o conftest -g -O2  -I/usr/local/include -I/usr/local/include  -L/usr/local/lib conftest.c -lboost_system   >&5
conftest.c:65:6: warning: incompatible redeclaration of library function 'exit' [-Wincompatible-library-redeclaration]
char exit ();
     ^
conftest.c:65:6: note: 'exit' is a builtin with type 'void (int) __attribute__((noreturn))'
1 warning generated.
configure:18634: $? = 0
configure:18644: result: yes
configure:18783: checking whether to build sparse drivers
configure:18792: result: no
configure:18833: checking ColPack/ColPackHeaders.h usability
configure:18833: g++ -c -g -O2 -std=c++11   -I/usr/local/include  conftest.cpp >&5
conftest.cpp:92:10: fatal error: 'ColPack/ColPackHeaders.h' file not found
#include <ColPack/ColPackHeaders.h>
         ^~~~~~~~~~~~~~~~~~~~~~~~~~
1 error generated.
configure:18833: $? = 1
configure: failed program was:
| /* confdefs.h */
| #define PACKAGE_NAME "adolc"
| #define PACKAGE_TARNAME "adolc"
| #define PACKAGE_VERSION "2.7.0-trunk"
| #define PACKAGE_STRING "adolc 2.7.0-trunk"
| #define PACKAGE_BUGREPORT "adol-c@list.coin-or.org"
| #define PACKAGE_URL ""
| #define PACKAGE "adolc"
| #define VERSION "2.7.0-trunk"
| #define HAVE_CXX11 1
| #define STDC_HEADERS 1
| #define HAVE_SYS_TYPES_H 1
| #define HAVE_SYS_STAT_H 1
| #define HAVE_STDLIB_H 1
| #define HAVE_STRING_H 1
| #define HAVE_MEMORY_H 1
| #define HAVE_STRINGS_H 1
| #define HAVE_INTTYPES_H 1
| #define HAVE_STDINT_H 1
| #define HAVE_UNISTD_H 1
| #define HAVE_DLFCN_H 1
| #define LT_OBJDIR ".libs/"
| #define SIZEOF_VOID_P 8
| #define HAVE_BUILTIN_EXPECT 1
| #define STDC_HEADERS 1
| #define TIME_WITH_SYS_TIME 1
| #define HAVE__BOOL 1
| #define HAVE_STDBOOL_H 1
| #define HAVE_STDDEF_H 1
| #define HAVE_STDLIB_H 1
| #define HAVE_STDIO_H 1
| #define HAVE_STRING_H 1
| #define HAVE_UNISTD_H 1
| #define HAVE_SYS_TIMEB_H 1
| #define HAVE_FLOOR 1
| #define HAVE_FMAX 1
| #define HAVE_FMIN 1
| #define HAVE_FTIME 1
| #define HAVE_POW 1
| #define HAVE_SQRT 1
| #define HAVE_CBRT 1
| #define HAVE_STRCHR 1
| #define HAVE_STRTOL 1
| #define HAVE_TRUNC 1
| #define ADOLC_VERSION 2
| #define ADOLC_SUBVERSION 7
| #define ADOLC_PATCHLEVEL 0
| #define HAVE_STDLIB_H 1
| #define HAVE_MALLOC 1
| #define HAVE_STDLIB_H 1
| #define HAVE_REALLOC 1
| #define ADOLC_USE_CALLOC 1
| #define ADOLC_ADOUBLE_STDCZERO 1
| #define HAVE_BOOST /**/
| #define HAVE_BOOST_POOL_POOL_ALLOC_HPP 1
| #define HAVE_BOOST_SYSTEM /**/
| #define BOOST_POOL_NO_MT 1
| /* end confdefs.h.  */
| #include <stdio.h>
| #ifdef HAVE_SYS_TYPES_H
| # include <sys/types.h>
| #endif
| #ifdef HAVE_SYS_STAT_H
| # include <sys/stat.h>
| #endif
| #ifdef STDC_HEADERS
| # include <stdlib.h>
| # include <stddef.h>
| #else
| # ifdef HAVE_STDLIB_H
| #  include <stdlib.h>
| # endif
| #endif
| #ifdef HAVE_STRING_H
| # if !defined STDC_HEADERS && defined HAVE_MEMORY_H
| #  include <memory.h>
| # endif
| # include <string.h>
| #endif
| #ifdef HAVE_STRINGS_H
| # include <strings.h>
| #endif
| #ifdef HAVE_INTTYPES_H
| # include <inttypes.h>
| #endif
| #ifdef HAVE_STDINT_H
| # include <stdint.h>
| #endif
| #ifdef HAVE_UNISTD_H
| # include <unistd.h>
| #endif
| #include <ColPack/ColPackHeaders.h>
configure:18833: result: no
configure:18833: checking ColPack/ColPackHeaders.h presence
configure:18833: g++ -E  -I/usr/local/include  conftest.cpp
conftest.cpp:59:10: fatal error: 'ColPack/ColPackHeaders.h' file not found
#include <ColPack/ColPackHeaders.h>
         ^~~~~~~~~~~~~~~~~~~~~~~~~~
1 error generated.
configure:18833: $? = 1
configure: failed program was:
| /* confdefs.h */
| #define PACKAGE_NAME "adolc"
| #define PACKAGE_TARNAME "adolc"
| #define PACKAGE_VERSION "2.7.0-trunk"
| #define PACKAGE_STRING "adolc 2.7.0-trunk"
| #define PACKAGE_BUGREPORT "adol-c@list.coin-or.org"
| #define PACKAGE_URL ""
| #define PACKAGE "adolc"
| #define VERSION "2.7.0-trunk"
| #define HAVE_CXX11 1
| #define STDC_HEADERS 1
| #define HAVE_SYS_TYPES_H 1
| #define HAVE_SYS_STAT_H 1
| #define HAVE_STDLIB_H 1
| #define HAVE_STRING_H 1
| #define HAVE_MEMORY_H 1
| #define HAVE_STRINGS_H 1
| #define HAVE_INTTYPES_H 1
| #define HAVE_STDINT_H 1
| #define HAVE_UNISTD_H 1
| #define HAVE_DLFCN_H 1
| #define LT_OBJDIR ".libs/"
| #define SIZEOF_VOID_P 8
| #define HAVE_BUILTIN_EXPECT 1
| #define STDC_HEADERS 1
| #define TIME_WITH_SYS_TIME 1
| #define HAVE__BOOL 1
| #define HAVE_STDBOOL_H 1
| #define HAVE_STDDEF_H 1
| #define HAVE_STDLIB_H 1
| #define HAVE_STDIO_H 1
| #define HAVE_STRING_H 1
| #define HAVE_UNISTD_H 1
| #define HAVE_SYS_TIMEB_H 1
| #define HAVE_FLOOR 1
| #define HAVE_FMAX 1
| #define HAVE_FMIN 1
| #define HAVE_FTIME 1
| #define HAVE_POW 1
| #define HAVE_SQRT 1
| #define HAVE_CBRT 1
| #define HAVE_STRCHR 1
| #define HAVE_STRTOL 1
| #define HAVE_TRUNC 1
| #define ADOLC_VERSION 2
| #define ADOLC_SUBVERSION 7
| #define ADOLC_PATCHLEVEL 0
| #define HAVE_STDLIB_H 1
| #define HAVE_MALLOC 1
| #define HAVE_STDLIB_H 1
| #define HAVE_REALLOC 1
| #define ADOLC_USE_CALLOC 1
| #define ADOLC_ADOUBLE_STDCZERO 1
| #define HAVE_BOOST /**/
| #define HAVE_BOOST_POOL_POOL_ALLOC_HPP 1
| #define HAVE_BOOST_SYSTEM /**/
| #define BOOST_POOL_NO_MT 1
| /* end confdefs.h.  */
| #include <ColPack/ColPackHeaders.h>
configure:18833: result: no
configure:18833: checking for ColPack/ColPackHeaders.h
configure:18833: result: no
configure:18932: checking whether to build documented examples
configure:18941: result: no
configure:18954: checking whether to build additional examples
configure:18963: result: no
configure:18976: checking whether to build parallel example
configure:18985: result: no
configure:18999: checking which CFLAGS to use
configure:19026: result: -O2 
configure:19031: checking which CXXFLAGS to use
configure:19057: result: -O2 
configure:19232: checking whether tape_doc should compute values as it prints the tape contents
configure:19245: result: yes
configure:19384: checking that generated files are newer than configure
configure:19390: result: done
configure:19449: creating ./config.status

## ---------------------- ##
## Running config.status. ##
## ---------------------- ##

This file was extended by adolc config.status 2.7.0-trunk, which was
generated by GNU Autoconf 2.69.  Invocation command line was

  CONFIG_FILES    = 
  CONFIG_HEADERS  = 
  CONFIG_LINKS    = 
  CONFIG_COMMANDS = 
  $ ./config.status 

on usc-guestwireless-upc-newsc17726.usc.edu

config.status:1265: creating Makefile
config.status:1265: creating ADOL-C/Makefile
config.status:1265: creating ADOL-C/include/Makefile
config.status:1265: creating ADOL-C/include/adolc/Makefile
config.status:1265: creating ADOL-C/include/adolc/internal/adolc_settings.h
config.status:1265: creating ADOL-C/include/adolc/drivers/Makefile
config.status:1265: creating ADOL-C/include/adolc/internal/Makefile
config.status:1265: creating ADOL-C/include/adolc/lie/Makefile
config.status:1265: creating ADOL-C/include/adolc/sparse/Makefile
config.status:1265: creating ADOL-C/include/adolc/tapedoc/Makefile
config.status:1265: creating ADOL-C/src/Makefile
config.status:1265: creating ADOL-C/src/drivers/Makefile
config.status:1265: creating ADOL-C/src/lie/Makefile
config.status:1265: creating ADOL-C/src/sparse/Makefile
config.status:1265: creating ADOL-C/src/tapedoc/Makefile
config.status:1265: creating ADOL-C/doc/version.tex
config.status:1265: creating ADOL-C/examples/Makefile
config.status:1265: creating ADOL-C/examples/additional_examples/Makefile
config.status:1265: creating ADOL-C/examples/additional_examples/cuda/Makefile
config.status:1265: creating ADOL-C/examples/additional_examples/clock/Makefile
config.status:1265: creating ADOL-C/examples/additional_examples/checkpointing/Makefile
config.status:1265: creating ADOL-C/examples/additional_examples/ext_diff_func/Makefile
config.status:1265: creating ADOL-C/examples/additional_examples/fixpoint_exam/Makefile
config.status:1265: creating ADOL-C/examples/additional_examples/hessmat/Makefile
config.status:1265: creating ADOL-C/examples/additional_examples/lie/Makefile
config.status:1265: creating ADOL-C/examples/additional_examples/lufact/Makefile
config.status:1265: creating ADOL-C/examples/additional_examples/openmp_exam/Makefile
config.status:1265: creating ADOL-C/examples/additional_examples/scal/Makefile
config.status:1265: creating ADOL-C/examples/additional_examples/speelpenning/Makefile
config.status:1265: creating ADOL-C/examples/additional_examples/taylor/Makefile
config.status:1265: creating ADOL-C/examples/additional_examples/detexam/Makefile
config.status:1265: creating ADOL-C/examples/additional_examples/helm/Makefile
config.status:1265: creating ADOL-C/examples/additional_examples/lighthouse/Makefile
config.status:1265: creating ADOL-C/examples/additional_examples/ode/Makefile
config.status:1265: creating ADOL-C/examples/additional_examples/sparse/Makefile
config.status:1265: creating ADOL-C/examples/additional_examples/tapesave/Makefile
config.status:1265: creating ADOL-C/examples/additional_examples/pow/Makefile
config.status:1265: creating ADOL-C/examples/additional_examples/timing/Makefile
config.status:1265: creating ADOL-C/examples/additional_examples/param/Makefile
config.status:1265: creating ADOL-C/test/Makefile
config.status:1265: creating ADOL-C/swig/Makefile
config.status:1265: creating MSVisualStudio/v14/sparse/config.h
config.status:1265: creating MSVisualStudio/v14/nosparse/config.h
config.status:1265: creating MSVisualStudio/v14/x64/sparse/config.h
config.status:1265: creating MSVisualStudio/v14/x64/nosparse/config.h
config.status:1265: creating adolc.spec
config.status:1265: creating adolclib.pc
config.status:1265: creating ADOL-C/src/config.h
config.status:1446: ADOL-C/src/config.h is unchanged
config.status:1494: executing depfiles commands
config.status:1571: cd ADOL-C       && sed -e '/# am--include-marker/d' Makefile         | make -f - am--depfiles
make: Nothing to be done for `am--depfiles'.
config.status:1576: $? = 0
config.status:1571: cd ADOL-C/src       && sed -e '/# am--include-marker/d' Makefile         | make -f - am--depfiles
make: Nothing to be done for `am--depfiles'.
config.status:1576: $? = 0
config.status:1571: cd ADOL-C/src/drivers       && sed -e '/# am--include-marker/d' Makefile         | make -f - am--depfiles
make: Nothing to be done for `am--depfiles'.
config.status:1576: $? = 0
config.status:1571: cd ADOL-C/src/lie       && sed -e '/# am--include-marker/d' Makefile         | make -f - am--depfiles
make: Nothing to be done for `am--depfiles'.
config.status:1576: $? = 0
config.status:1571: cd ADOL-C/src/sparse       && sed -e '/# am--include-marker/d' Makefile         | make -f - am--depfiles
make: Nothing to be done for `am--depfiles'.
config.status:1576: $? = 0
config.status:1571: cd ADOL-C/src/tapedoc       && sed -e '/# am--include-marker/d' Makefile         | make -f - am--depfiles
make: Nothing to be done for `am--depfiles'.
config.status:1576: $? = 0
config.status:1571: cd ADOL-C/examples       && sed -e '/# am--include-marker/d' Makefile         | make -f - am--depfiles
make: Nothing to be done for `am--depfiles'.
config.status:1576: $? = 0
config.status:1571: cd ADOL-C/examples/additional_examples/clock       && sed -e '/# am--include-marker/d' Makefile         | make -f - am--depfiles
make: Nothing to be done for `am--depfiles'.
config.status:1576: $? = 0
config.status:1571: cd ADOL-C/examples/additional_examples/checkpointing       && sed -e '/# am--include-marker/d' Makefile         | make -f - am--depfiles
make: Nothing to be done for `am--depfiles'.
config.status:1576: $? = 0
config.status:1571: cd ADOL-C/examples/additional_examples/ext_diff_func       && sed -e '/# am--include-marker/d' Makefile         | make -f - am--depfiles
make: Nothing to be done for `am--depfiles'.
config.status:1576: $? = 0
config.status:1571: cd ADOL-C/examples/additional_examples/fixpoint_exam       && sed -e '/# am--include-marker/d' Makefile         | make -f - am--depfiles
make: Nothing to be done for `am--depfiles'.
config.status:1576: $? = 0
config.status:1571: cd ADOL-C/examples/additional_examples/hessmat       && sed -e '/# am--include-marker/d' Makefile         | make -f - am--depfiles
make: Nothing to be done for `am--depfiles'.
config.status:1576: $? = 0
config.status:1571: cd ADOL-C/examples/additional_examples/lie       && sed -e '/# am--include-marker/d' Makefile         | make -f - am--depfiles
make: Nothing to be done for `am--depfiles'.
config.status:1576: $? = 0
config.status:1571: cd ADOL-C/examples/additional_examples/lufact       && sed -e '/# am--include-marker/d' Makefile         | make -f - am--depfiles
make: Nothing to be done for `am--depfiles'.
config.status:1576: $? = 0
config.status:1571: cd ADOL-C/examples/additional_examples/openmp_exam       && sed -e '/# am--include-marker/d' Makefile         | make -f - am--depfiles
make: Nothing to be done for `am--depfiles'.
config.status:1576: $? = 0
config.status:1571: cd ADOL-C/examples/additional_examples/scal       && sed -e '/# am--include-marker/d' Makefile         | make -f - am--depfiles
make: Nothing to be done for `am--depfiles'.
config.status:1576: $? = 0
config.status:1571: cd ADOL-C/examples/additional_examples/speelpenning       && sed -e '/# am--include-marker/d' Makefile         | make -f - am--depfiles
make: Nothing to be done for `am--depfiles'.
config.status:1576: $? = 0
config.status:1571: cd ADOL-C/examples/additional_examples/taylor       && sed -e '/# am--include-marker/d' Makefile         | make -f - am--depfiles
make: Nothing to be done for `am--depfiles'.
config.status:1576: $? = 0
config.status:1571: cd ADOL-C/examples/additional_examples/detexam       && sed -e '/# am--include-marker/d' Makefile         | make -f - am--depfiles
make: Nothing to be done for `am--depfiles'.
config.status:1576: $? = 0
config.status:1571: cd ADOL-C/examples/additional_examples/helm       && sed -e '/# am--include-marker/d' Makefile         | make -f - am--depfiles
make: Nothing to be done for `am--depfiles'.
config.status:1576: $? = 0
config.status:1571: cd ADOL-C/examples/additional_examples/lighthouse       && sed -e '/# am--include-marker/d' Makefile         | make -f - am--depfiles
make: Nothing to be done for `am--depfiles'.
config.status:1576: $? = 0
config.status:1571: cd ADOL-C/examples/additional_examples/ode       && sed -e '/# am--include-marker/d' Makefile         | make -f - am--depfiles
make: Nothing to be done for `am--depfiles'.
config.status:1576: $? = 0
config.status:1571: cd ADOL-C/examples/additional_examples/sparse       && sed -e '/# am--include-marker/d' Makefile         | make -f - am--depfiles
make: Nothing to be done for `am--depfiles'.
config.status:1576: $? = 0
config.status:1571: cd ADOL-C/examples/additional_examples/tapesave       && sed -e '/# am--include-marker/d' Makefile         | make -f - am--depfiles
make: Nothing to be done for `am--depfiles'.
config.status:1576: $? = 0
config.status:1571: cd ADOL-C/examples/additional_examples/pow       && sed -e '/# am--include-marker/d' Makefile         | make -f - am--depfiles
make: Nothing to be done for `am--depfiles'.
config.status:1576: $? = 0
config.status:1571: cd ADOL-C/examples/additional_examples/timing       && sed -e '/# am--include-marker/d' Makefile         | make -f - am--depfiles
make: Nothing to be done for `am--depfiles'.
config.status:1576: $? = 0
config.status:1571: cd ADOL-C/examples/additional_examples/param       && sed -e '/# am--include-marker/d' Makefile         | make -f - am--depfiles
make: Nothing to be done for `am--depfiles'.
config.status:1576: $? = 0
config.status:1571: cd ADOL-C/test       && sed -e '/# am--include-marker/d' Makefile         | make -f - am--depfiles
make: Nothing to be done for `am--depfiles'.
config.status:1576: $? = 0
config.status:1494: executing libtool commands
configure:21937: Applying patches to libtool for GNU compiler

## ---------------- ##
## Cache variables. ##
## ---------------- ##

ac_cv_build=x86_64-apple-darwin20.3.0
ac_cv_c_compiler_gnu=yes
ac_cv_c_const=yes
ac_cv_c_inline=inline
ac_cv_cxx_compiler_gnu=yes
ac_cv_env_CCC_set=
ac_cv_env_CCC_value=
ac_cv_env_CC_set=
ac_cv_env_CC_value=
ac_cv_env_CFLAGS_set=
ac_cv_env_CFLAGS_value=
ac_cv_env_CPPFLAGS_set=
ac_cv_env_CPPFLAGS_value=
ac_cv_env_CPP_set=
ac_cv_env_CPP_value=
ac_cv_env_CXXCPP_set=
ac_cv_env_CXXCPP_value=
ac_cv_env_CXXFLAGS_set=
ac_cv_env_CXXFLAGS_value=
ac_cv_env_CXX_set=
ac_cv_env_CXX_value=
ac_cv_env_LDFLAGS_set=
ac_cv_env_LDFLAGS_value=
ac_cv_env_LIBS_set=
ac_cv_env_LIBS_value=
ac_cv_env_LT_SYS_LIBRARY_PATH_set=
ac_cv_env_LT_SYS_LIBRARY_PATH_value=
ac_cv_env_build_alias_set=
ac_cv_env_build_alias_value=
ac_cv_env_host_alias_set=
ac_cv_env_host_alias_value=
ac_cv_env_target_alias_set=
ac_cv_env_target_alias_value=
ac_cv_func_cbrt=yes
ac_cv_func_floor=yes
ac_cv_func_fmax=yes
ac_cv_func_fmin=yes
ac_cv_func_ftime=yes
ac_cv_func_malloc_0_nonnull=yes
ac_cv_func_pow=yes
ac_cv_func_realloc_0_nonnull=yes
ac_cv_func_sqrt=yes
ac_cv_func_strchr=yes
ac_cv_func_strtol=yes
ac_cv_func_trunc=yes
ac_cv_header_ColPack_ColPackHeaders_h=no
ac_cv_header_boost_pool_pool_alloc_hpp=yes
ac_cv_header_dlfcn_h=yes
ac_cv_header_inttypes_h=yes
ac_cv_header_memory_h=yes
ac_cv_header_stdbool_h=yes
ac_cv_header_stdc=yes
ac_cv_header_stddef_h=yes
ac_cv_header_stdint_h=yes
ac_cv_header_stdio_h=yes
ac_cv_header_stdlib_h=yes
ac_cv_header_string_h=yes
ac_cv_header_strings_h=yes
ac_cv_header_sys_stat_h=yes
ac_cv_header_sys_timeb_h=yes
ac_cv_header_sys_types_h=yes
ac_cv_header_time=yes
ac_cv_header_unistd_h=yes
ac_cv_host=x86_64-apple-darwin20.3.0
ac_cv_lib_boost_system___exit=yes
ac_cv_lib_dl_dlopen=yes
ac_cv_objext=o
ac_cv_path_EGREP='/usr/bin/grep -E'
ac_cv_path_FGREP='/usr/bin/grep -F'
ac_cv_path_GREP=/usr/bin/grep
ac_cv_path_SED=/usr/bin/sed
ac_cv_path_install='/usr/bin/install -c'
ac_cv_path_lt_DD=/bin/dd
ac_cv_prog_AWK=awk
ac_cv_prog_CPP='gcc -E'
ac_cv_prog_CXXCPP='g++ -E'
ac_cv_prog_ac_ct_AR=ar
ac_cv_prog_ac_ct_CC=gcc
ac_cv_prog_ac_ct_CXX=g++
ac_cv_prog_ac_ct_DSYMUTIL=dsymutil
ac_cv_prog_ac_ct_LIPO=lipo
ac_cv_prog_ac_ct_NMEDIT=nmedit
ac_cv_prog_ac_ct_OBJDUMP=objdump
ac_cv_prog_ac_ct_OTOOL=otool
ac_cv_prog_ac_ct_RANLIB=ranlib
ac_cv_prog_ac_ct_STRIP=strip
ac_cv_prog_cc_c89=
ac_cv_prog_cc_c99=
ac_cv_prog_cc_g=yes
ac_cv_prog_cc_gcc_c_o=yes
ac_cv_prog_cxx_g=yes
ac_cv_prog_make_make_set=yes
ac_cv_search_pow='none required'
ac_cv_sizeof_void_p=8
ac_cv_struct_tm=time.h
ac_cv_type__Bool=yes
ac_cv_type_size_t=yes
am_cv_CC_dependencies_compiler_type=gcc3
am_cv_CXX_dependencies_compiler_type=gcc3
am_cv_make_support_nested_variables=yes
am_cv_prog_cc_c_o=yes
ax_cv_boost_system=yes
ax_cv_cxx_compile_cxx11=no
ax_cv_cxx_compile_cxx11__std_cpp11=yes
lt_cv_apple_cc_single_mod=yes
lt_cv_ar_at_file=no
lt_cv_deplibs_check_method=pass_all
lt_cv_dlopen=dlopen
lt_cv_dlopen_libs=-ldl
lt_cv_dlopen_self=yes
lt_cv_dlopen_self_static=yes
lt_cv_file_magic_cmd='$MAGIC_CMD'
lt_cv_file_magic_test_file=
lt_cv_ld_exported_symbols_list=yes
lt_cv_ld_force_load=yes
lt_cv_ld_reload_flag=-r
lt_cv_nm_interface='BSD nm'
lt_cv_objdir=.libs
lt_cv_path_LD=/Applications/Xcode.app/Contents/Developer/Toolchains/XcodeDefault.xctoolchain/usr/bin/ld
lt_cv_path_LDCXX=/Applications/Xcode.app/Contents/Developer/Toolchains/XcodeDefault.xctoolchain/usr/bin/ld
lt_cv_path_NM='/usr/bin/nm -B'
lt_cv_path_mainfest_tool=no
lt_cv_prog_compiler_c_o=yes
lt_cv_prog_compiler_c_o_CXX=yes
lt_cv_prog_compiler_pic='-fno-common -DPIC'
lt_cv_prog_compiler_pic_CXX='-fno-common -DPIC'
lt_cv_prog_compiler_pic_works=yes
lt_cv_prog_compiler_pic_works_CXX=yes
lt_cv_prog_compiler_rtti_exceptions=yes
lt_cv_prog_compiler_static_works=no
lt_cv_prog_compiler_static_works_CXX=no
lt_cv_prog_gnu_ld=no
lt_cv_prog_gnu_ldcxx=no
lt_cv_sharedlib_from_linklib_cmd='printf %s\n'
lt_cv_sys_global_symbol_pipe='sed -n -e '\''s/^.*[	 ]\([BCDEGRST][BCDEGRST]*\)[	 ][	 ]*_\([_A-Za-z][_A-Za-z0-9]*\)$/\1 _\2 \2/p'\'' | sed '\''/ __gnu_lto/d'\'''
lt_cv_sys_global_symbol_to_c_name_address='sed -n -e '\''s/^: \(.*\) .*$/  {"\1", (void *) 0},/p'\'' -e '\''s/^[BCDEGRST][BCDEGRST]* .* \(.*\)$/  {"\1", (void *) \&\1},/p'\'''
lt_cv_sys_global_symbol_to_c_name_address_lib_prefix='sed -n -e '\''s/^: \(.*\) .*$/  {"\1", (void *) 0},/p'\'' -e '\''s/^[BCDEGRST][BCDEGRST]* .* \(lib.*\)$/  {"\1", (void *) \&\1},/p'\'' -e '\''s/^[BCDEGRST][BCDEGRST]* .* \(.*\)$/  {"lib\1", (void *) \&\1},/p'\'''
lt_cv_sys_global_symbol_to_cdecl='sed -n -e '\''s/^T .* \(.*\)$/extern int \1();/p'\'' -e '\''s/^[BCDEGRST][BCDEGRST]* .* \(.*\)$/extern char \1;/p'\'''
lt_cv_sys_global_symbol_to_import=
lt_cv_sys_max_cmd_len=786432
lt_cv_to_host_file_cmd=func_convert_file_noop
lt_cv_to_tool_file_cmd=func_convert_file_noop
lt_cv_truncate_bin='/bin/dd bs=4096 count=1'

## ----------------- ##
## Output variables. ##
## ----------------- ##

ACLOCAL='${SHELL} '\''/Users/Lewis/Codes/IK/starter/adolc/sourceCode/autoconf/missing'\'' aclocal-1.16'
ADDEXA_FALSE=''
ADDEXA_TRUE='#'
ADOLC_PATCHLEVEL='0'
ADOLC_SUBVERSION='7'
ADOLC_VERSION='2'
ADTL_REFCNT='#undef USE_ADTL_REFCOUNTING'
ADVBRANCH='#undef ADOLC_ADVANCED_BRANCHING'
AMDEPBACKSLASH='\'
AMDEP_FALSE='#'
AMDEP_TRUE=''
AMTAR='$${TAR-tar}'
AM_BACKSLASH='\'
AM_DEFAULT_V='$(AM_DEFAULT_VERBOSITY)'
AM_DEFAULT_VERBOSITY='0'
AM_V='$(V)'
AR='ar'
AS='as'
ATRIG_ERF='#undef ATRIG_ERF'
AUTOCONF='${SHELL} '\''/Users/Lewis/Codes/IK/starter/adolc/sourceCode/autoconf/missing'\'' autoconf'
AUTOHEADER='${SHELL} '\''/Users/Lewis/Codes/IK/starter/adolc/sourceCode/autoconf/missing'\'' autoheader'
AUTOMAKE='${SHELL} '\''/Users/Lewis/Codes/IK/starter/adolc/sourceCode/autoconf/missing'\'' automake-1.16'
AWK='awk'
BOOST_CPPFLAGS='-I/usr/local/include'
BOOST_LDFLAGS='-L/usr/local/lib'
BOOST_SYSTEM_LIB='-lboost_system'
BUILD_ADOLC_AMPI_SUPPORT_FALSE=''
BUILD_ADOLC_AMPI_SUPPORT_TRUE='#'
BUILD_ADOLC_MEDIPACK_SUPPORT_FALSE=''
BUILD_ADOLC_MEDIPACK_SUPPORT_TRUE='#'
CC='gcc'
CCDEPMODE='depmode=gcc3'
CFLAGS='-g -O2'
CPP='gcc -E'
CPPFLAGS=' -I/usr/local/include'
CXX='g++'
CXXCPP='g++ -E'
CXXDEPMODE='depmode=gcc3'
CXXFLAGS='-g -O2 -std=c++11'
CYGPATH_W='echo'
DARWIN_FALSE=''
DARWIN_TRUE='#'
DEFS='-DHAVE_CONFIG_H'
DEPDIR='.deps'
DLLTOOL='false'
DOCEXA_FALSE=''
DOCEXA_TRUE='#'
DSYMUTIL='dsymutil'
DUMPBIN=''
ECHO_C='\c'
ECHO_N=''
ECHO_T=''
EGREP='/usr/bin/grep -E'
EXEEXT=''
FGREP='/usr/bin/grep -F'
GREP='/usr/bin/grep'
HAVE_CXX11='1'
HAVE_LIBCOLPACK_FALSE=''
HAVE_LIBCOLPACK_TRUE='#'
INSTALL_DATA='${INSTALL} -m 644'
INSTALL_PROGRAM='${INSTALL}'
INSTALL_SCRIPT='${INSTALL}'
INSTALL_STRIP_PROGRAM='$(install_sh) -c -s'
LD='/Applications/Xcode.app/Contents/Developer/Toolchains/XcodeDefault.xctoolchain/usr/bin/ld'
LDFLAGS=' -L/usr/local/lib -lboost_system'
LIBOBJS=''
LIBS=''
LIBTOOL='$(SHELL) $(top_builddir)/libtool'
LIPO='lipo'
LN_S='ln -s'
LTLIBOBJS=''
LT_SYS_LIBRARY_PATH=''
MAKEINFO='${SHELL} '\''/Users/Lewis/Codes/IK/starter/adolc/sourceCode/autoconf/missing'\'' makeinfo'
MANIFEST_TOOL=':'
MKDIR_P='autoconf/install-sh -c -d'
NM='/usr/bin/nm -B'
NMEDIT='nmedit'
OBJDUMP='objdump'
OBJEXT='o'
OTOOL64=':'
OTOOL='otool'
PACKAGE='adolc'
PACKAGE_BUGREPORT='adol-c@list.coin-or.org'
PACKAGE_NAME='adolc'
PACKAGE_STRING='adolc 2.7.0-trunk'
PACKAGE_TARNAME='adolc'
PACKAGE_URL=''
PACKAGE_VERSION='2.7.0-trunk'
PAREXA_FALSE=''
PAREXA_TRUE='#'
PATH_SEPARATOR=':'
RANLIB='ranlib'
REAL_TYPE='double'
SED='/usr/bin/sed'
SET_MAKE=''
SHELL='/bin/sh'
SPARSE_DRIVERS='#undef SPARSE_DRIVERS'
SPARSE_FALSE=''
SPARSE_TRUE='#'
STRIP='strip'
UINT_TYPE='uint32_t'
USE_BOOST_POOL='#define USE_BOOST_POOL 1'
VERSION='2.7.0-trunk'
_lib='lib64'
ac_adolc_cflags='-O2 '
ac_adolc_cxxflags='-O2 '
ac_aux_dir='autoconf'
ac_ct_AR='ar'
ac_ct_CC='gcc'
ac_ct_CXX='g++'
ac_ct_DUMPBIN=''
adolclib='adolc'
am__EXEEXT_FALSE=''
am__EXEEXT_TRUE='#'
am__fastdepCC_FALSE='#'
am__fastdepCC_TRUE=''
am__fastdepCXX_FALSE='#'
am__fastdepCXX_TRUE=''
am__include='include'
am__isrc=''
am__leading_dot='.'
am__nodep='_no'
am__quote=''
am__tar='$${TAR-tar} chof - "$$tardir"'
am__untar='$${TAR-tar} xf -'
bindir='${exec_prefix}/bin'
build='x86_64-apple-darwin20.3.0'
build_alias=''
build_cpu='x86_64'
build_os='darwin20.3.0'
build_vendor='apple'
datadir='${datarootdir}'
datarootdir='${prefix}/share'
docdir='${datarootdir}/doc/${PACKAGE_TARNAME}'
dvidir='${docdir}'
exec_prefix='${prefix}'
host='x86_64-apple-darwin20.3.0'
host_alias=''
host_cpu='x86_64'
host_os='darwin20.3.0'
host_vendor='apple'
htmldir='${docdir}'
includedir='${prefix}/include'
infodir='${datarootdir}/info'
install_sh='${SHELL} /Users/Lewis/Codes/IK/starter/adolc/sourceCode/autoconf/install-sh'
libdir='${exec_prefix}/lib64'
libexecdir='${exec_prefix}/libexec'
localedir='${datarootdir}/locale'
localstatedir='${prefix}/var'
mandir='${datarootdir}/man'
mkdir_p='$(MKDIR_P)'
oldincludedir='/usr/include'
pdfdir='${docdir}'
prefix='/Users/Lewis/adolc_base'
program_transform_name='s,x,x,'
psdir='${docdir}'
saveCC='gcc'
saveCXX='g++'
sbindir='${exec_prefix}/sbin'
sharedstatedir='${prefix}/com'
sysconfdir='${prefix}/etc'
target_alias=''

## ----------- ##
## confdefs.h. ##
## ----------- ##

/* confdefs.h */
#define PACKAGE_NAME "adolc"
#define PACKAGE_TARNAME "adolc"
#define PACKAGE_VERSION "2.7.0-trunk"
#define PACKAGE_STRING "adolc 2.7.0-trunk"
#define PACKAGE_BUGREPORT "adol-c@list.coin-or.org"
#define PACKAGE_URL ""
#define PACKAGE "adolc"
#define VERSION "2.7.0-trunk"
#define HAVE_CXX11 1
#define STDC_HEADERS 1
#define HAVE_SYS_TYPES_H 1
#define HAVE_SYS_STAT_H 1
#define HAVE_STDLIB_H 1
#define HAVE_STRING_H 1
#define HAVE_MEMORY_H 1
#define HAVE_STRINGS_H 1
#define HAVE_INTTYPES_H 1
#define HAVE_STDINT_H 1
#define HAVE_UNISTD_H 1
#define HAVE_DLFCN_H 1
#define LT_OBJDIR ".libs/"
#define SIZEOF_VOID_P 8
#define HAVE_BUILTIN_EXPECT 1
#define STDC_HEADERS 1
#define TIME_WITH_SYS_TIME 1
#define HAVE__BOOL 1
#define HAVE_STDBOOL_H 1
#define HAVE_STDDEF_H 1
#define HAVE_STDLIB_H 1
#define HAVE_STDIO_H 1
#define HAVE_STRING_H 1
#define HAVE_UNISTD_H 1
#define HAVE_SYS_TIMEB_H 1
#define HAVE_FLOOR 1
#define HAVE_FMAX 1
#define HAVE_FMIN 1
#define HAVE_FTIME 1
#define HAVE_POW 1
#define HAVE_SQRT 1
#define HAVE_CBRT 1
#define HAVE_STRCHR 1
#define HAVE_STRTOL 1
#define HAVE_TRUNC 1
#define ADOLC_VERSION 2
#define ADOLC_SUBVERSION 7
#define ADOLC_PATCHLEVEL 0
#define HAVE_STDLIB_H 1
#define HAVE_MALLOC 1
#define HAVE_STDLIB_H 1
#define HAVE_REALLOC 1
#define ADOLC_USE_CALLOC 1
#define ADOLC_ADOUBLE_STDCZERO 1
#define HAVE_BOOST /**/
#define HAVE_BOOST_POOL_POOL_ALLOC_HPP 1
#define HAVE_BOOST_SYSTEM /**/
#define BOOST_POOL_NO_MT 1
#define ADOLC_TAPE_DOC_VALUES 1

configure: exit 0

## ---------------------- ##
## Running config.status. ##
## ---------------------- ##

This file was extended by adolc config.status 2.7.0-trunk, which was
generated by GNU Autoconf 2.69.  Invocation command line was

  CONFIG_FILES    = 
  CONFIG_HEADERS  = 
  CONFIG_LINKS    = 
  CONFIG_COMMANDS = 
  $ ./config.status adolclib.pc

on usc-guestwireless-upc-newsc17726.usc.edu

config.status:1265: creating adolclib.pc

## ---------------------- ##
## Running config.status. ##
## ---------------------- ##

This file was extended by adolc config.status 2.7.0-trunk, which was
generated by GNU Autoconf 2.69.  Invocation command line was

  CONFIG_FILES    = 
  CONFIG_HEADERS  = 
  CONFIG_LINKS    = 
  CONFIG_COMMANDS = 
  $ ./config.status adolclib.pc

on usc-guestwireless-upc-newsc17726.usc.edu

config.status:1265: creating adolclib.pc
